SF:lib\modules\home\data\datasources\remote_datasource_impl.dart
DA:9,2
DA:11,2
DA:14,4
DA:15,2
DA:16,8
DA:18,2
DA:22,2
DA:25,6
DA:26,4
DA:28,2
DA:32,1
DA:35,3
DA:36,0
DA:37,0
DA:39,1
LF:15
LH:13
end_of_record
SF:lib\modules\home\domain\entities\post.dart
DA:7,2
DA:14,2
DA:15,2
DA:16,2
DA:17,2
DA:18,2
DA:19,2
DA:23,0
DA:24,0
DA:25,0
DA:26,0
DA:27,0
DA:28,0
LF:13
LH:7
end_of_record
SF:lib\modules\home\domain\entities\comments.dart
DA:8,0
DA:16,0
DA:17,0
DA:18,0
DA:19,0
DA:20,0
DA:21,0
DA:22,0
LF:8
LH:0
end_of_record
