SF:lib\modules\home\data\datasources\firestore_datasource_impl.dart
DA:7,1
DA:11,1
DA:14,1
DA:15,1
DA:16,1
DA:17,1
DA:18,1
DA:20,1
DA:21,6
DA:22,1
DA:25,1
DA:30,1
DA:31,1
DA:32,1
DA:33,1
DA:34,1
DA:36,2
DA:38,1
DA:41,1
DA:44,1
DA:45,1
DA:46,1
DA:47,1
DA:48,1
DA:49,1
DA:51,3
LF:26
LH:26
end_of_record
SF:lib\modules\home\data\datasources\post_remote_datasource_impl.dart
DA:9,1
DA:11,1
DA:14,2
DA:15,1
DA:16,4
DA:18,1
DA:22,1
DA:25,3
DA:26,2
DA:28,1
DA:32,0
DA:35,0
DA:36,0
DA:37,0
DA:39,0
LF:15
LH:10
end_of_record
SF:lib\modules\home\domain\entities\post.dart
DA:7,1
DA:14,1
DA:15,1
DA:16,1
DA:17,1
DA:18,1
DA:19,1
DA:23,0
DA:24,0
DA:25,0
DA:26,0
DA:27,0
DA:28,0
LF:13
LH:7
end_of_record
SF:lib\modules\home\domain\entities\comments.dart
DA:8,0
DA:16,0
DA:17,0
DA:18,0
DA:19,0
DA:20,0
DA:21,0
DA:22,0
LF:8
LH:0
end_of_record
